<?xml version="1.0" encoding="UTF-8"?>
<testng-results skipped="0" failed="0" ignored="0" total="1" passed="1">
  <reporter-output>
  </reporter-output>
  <suite name="Full Creative Suite" duration-ms="34241" started-at="2021-03-22T18:43:52 IST" finished-at="2021-03-22T18:44:26 IST">
    <groups>
    </groups>
    <test name="Diagram" duration-ms="34241" started-at="2021-03-22T18:43:52 IST" finished-at="2021-03-22T18:44:26 IST">
      <class name="com.canvasStudio.TestClass">
        <test-method status="PASS" signature="beginmethod()[pri:0, instance:com.canvasStudio.TestClass@1fa121e2]" name="beginmethod" is-config="true" duration-ms="1966" started-at="2021-03-22T18:43:52 IST" finished-at="2021-03-22T18:43:54 IST">
          <reporter-output>
          </reporter-output>
        </test-method> <!-- beginmethod -->
        <test-method status="PASS" signature="beginmethod(java.lang.String)[pri:0, instance:com.canvasStudio.TestClass@1fa121e2]" name="beginmethod" is-config="true" duration-ms="5601" started-at="2021-03-22T18:43:54 IST" finished-at="2021-03-22T18:43:59 IST">
          <params>
            <param index="0">
              <value>
                <![CDATA[http://www.htmlcanvasstudio.com/]]>
              </value>
            </param>
          </params>
          <reporter-output>
          </reporter-output>
        </test-method> <!-- beginmethod -->
        <test-method status="PASS" signature="automate()[pri:0, instance:com.canvasStudio.TestClass@1fa121e2]" name="automate" duration-ms="21894" started-at="2021-03-22T18:43:59 IST" finished-at="2021-03-22T18:44:21 IST">
          <reporter-output>
          </reporter-output>
        </test-method> <!-- automate -->
        <test-method status="PASS" signature="aftermethod()[pri:0, instance:com.canvasStudio.TestClass@1fa121e2]" name="aftermethod" is-config="true" duration-ms="4743" started-at="2021-03-22T18:44:21 IST" finished-at="2021-03-22T18:44:26 IST">
          <reporter-output>
          </reporter-output>
        </test-method> <!-- aftermethod -->
      </class> <!-- com.canvasStudio.TestClass -->
    </test> <!-- Diagram -->
  </suite> <!-- Full Creative Suite -->
</testng-results>
